2018-10-08 12:17:51,401 - log\train.log - INFO - num_chars      :	1867
2018-10-08 12:17:51,402 - log\train.log - INFO - char_dim       :	100
2018-10-08 12:17:51,402 - log\train.log - INFO - num_tags       :	13
2018-10-08 12:17:51,402 - log\train.log - INFO - seg_dim        :	20
2018-10-08 12:17:51,402 - log\train.log - INFO - lstm_dim       :	100
2018-10-08 12:17:51,402 - log\train.log - INFO - batch_size     :	256
2018-10-08 12:17:51,402 - log\train.log - INFO - emb_file       :	word2vec_model.txt
2018-10-08 12:17:51,403 - log\train.log - INFO - clip           :	5
2018-10-08 12:17:51,403 - log\train.log - INFO - dropout_keep   :	0.8
2018-10-08 12:17:51,403 - log\train.log - INFO - optimizer      :	adam
2018-10-08 12:17:51,403 - log\train.log - INFO - lr             :	0.001
2018-10-08 12:17:51,417 - log\train.log - INFO - tag_schema     :	iobes
2018-10-08 12:17:51,418 - log\train.log - INFO - pre_emb        :	True
2018-10-08 12:17:51,418 - log\train.log - INFO - zeros          :	False
2018-10-08 12:17:51,418 - log\train.log - INFO - lower          :	True
2018-10-08 12:17:59,563 - log\train.log - INFO - Created model with fresh parameters.
2018-10-08 12:18:02,871 - log\train.log - INFO - Load pre-trained embedding.
2018-10-08 12:18:02,871 - log\train.log - INFO - start training
2018-10-08 12:19:49,263 - log\train.log - INFO - evaluate dev data......
2018-10-08 12:19:59,633 - log\train.log - INFO - processed 33237 tokens with 5205 phrases; found: 46 phrases; correct: 0.

2018-10-08 12:19:59,633 - log\train.log - INFO - accuracy:  54.21%; precision:   0.00%; recall:   0.00%; FB1:   0.00

2018-10-08 12:19:59,633 - log\train.log - INFO -                 0: precision:   0.00%; recall:   0.00%; FB1:   0.00  7

2018-10-08 12:19:59,633 - log\train.log - INFO -                 1: precision:   0.00%; recall:   0.00%; FB1:   0.00  0

2018-10-08 12:19:59,633 - log\train.log - INFO -                 2: precision:   0.00%; recall:   0.00%; FB1:   0.00  0

2018-10-08 12:19:59,633 - log\train.log - INFO -                 3: precision:   0.00%; recall:   0.00%; FB1:   0.00  39

2018-10-08 12:21:50,388 - log\train.log - INFO - evaluate dev data......
2018-10-08 12:22:01,017 - log\train.log - INFO - processed 33237 tokens with 5205 phrases; found: 3370 phrases; correct: 411.

2018-10-08 12:22:01,017 - log\train.log - INFO - accuracy:  62.99%; precision:  12.20%; recall:   7.90%; FB1:   9.59

2018-10-08 12:22:01,017 - log\train.log - INFO -                 0: precision:   0.00%; recall:   0.00%; FB1:   0.00  175

2018-10-08 12:22:01,017 - log\train.log - INFO -                 1: precision:   0.00%; recall:   0.00%; FB1:   0.00  0

2018-10-08 12:22:01,017 - log\train.log - INFO -                 2: precision:   0.00%; recall:   0.00%; FB1:   0.00  0

2018-10-08 12:22:01,017 - log\train.log - INFO -                 3: precision:  12.86%; recall:  13.01%; FB1:  12.94  3195

2018-10-08 12:22:01,164 - log\train.log - INFO - new best dev f1 score:9.590
2018-10-08 12:22:05,461 - log\train.log - INFO - model saved
2018-10-08 12:23:59,257 - log\train.log - INFO - evaluate dev data......
2018-10-08 12:24:09,984 - log\train.log - INFO - processed 33237 tokens with 5205 phrases; found: 6769 phrases; correct: 1328.

2018-10-08 12:24:09,984 - log\train.log - INFO - accuracy:  69.93%; precision:  19.62%; recall:  25.51%; FB1:  22.18

2018-10-08 12:24:09,984 - log\train.log - INFO -                 0: precision:   6.12%; recall:   7.05%; FB1:   6.55  1961

2018-10-08 12:24:09,984 - log\train.log - INFO -                 1: precision:   0.00%; recall:   0.00%; FB1:   0.00  19

2018-10-08 12:24:09,984 - log\train.log - INFO -                 2: precision:   0.00%; recall:   0.00%; FB1:   0.00  0

2018-10-08 12:24:09,984 - log\train.log - INFO -                 3: precision:  25.22%; recall:  38.25%; FB1:  30.40  4789

2018-10-08 12:24:10,145 - log\train.log - INFO - new best dev f1 score:22.180
2018-10-08 12:24:14,534 - log\train.log - INFO - model saved
